<!DOCTYPE suite SYSTEM "http://testng.org/testng-1.0.dtd" >

<testng-results>
<suite name="Examples Overnight Test Suite" verbose="1" parallel="false" thread-count="2"
    data-provider-thread-count="3">

    <test name="HXC1">
        <class name="HXC.unit.HXC-1">
            <test-method status="FAIL"></test-method>
        </class>
    </test>
    <test name="HXC2">
        <class name="HXC.unit.HXC-2">
            <test-method status="FAIL"></test-method>
        </class>
    </test>
    <test name="HXC3">
        <class name="HXC.unit.HXC-3">
            <test-method status="FAIL"></test-method>
        </class>
    </test>
    <test name="HXC4">
        <class name="HXC.unit.HXC-4">
            <test-method status="FAIL"></test-method>
        </class>
    </test> 
</suite>
</testng-results>
